android/app/build/intermediates/manifest_merge_blame_file/debug/manifest-merger-blame-debug-report.txt
1<?xml version="1.0" encoding="utf-8"?>
2<manifest xmlns:android="http://schemas.android.com/apk/res/android"
3    package="com.rameswaram.dryfish"
4    android:versionCode="1"
5    android:versionName="1.0.0" >
6
7    <uses-sdk
8        android:minSdkVersion="24"
9        android:targetSdkVersion="34" />
10
11    <uses-permission android:name="android.permission.INTERNET" />
11-->src/main/AndroidManifest.xml:5:5-67
11-->src/main/AndroidManifest.xml:5:22-64
12    <uses-permission android:name="android.permission.ACCESS_NETWORK_STATE" />
12-->src/main/AndroidManifest.xml:6:5-79
12-->src/main/AndroidManifest.xml:6:22-76
13    <uses-permission android:name="android.permission.POST_NOTIFICATIONS" />
13-->src/main/AndroidManifest.xml:7:5-77
13-->src/main/AndroidManifest.xml:7:22-74
14
15    <queries>
15-->[com.razorpay:checkout:1.6.33] AndroidManifest.xml:10:5-39:15
16        <intent>
16-->[com.razorpay:checkout:1.6.33] AndroidManifest.xml:11:9-17:18
17            <action android:name="android.intent.action.VIEW" />
17-->[com.razorpay:checkout:1.6.33] AndroidManifest.xml:12:13-65
17-->[com.razorpay:checkout:1.6.33] AndroidManifest.xml:12:21-62
18
19            <data
19-->[com.razorpay:checkout:1.6.33] AndroidManifest.xml:14:13-16:38
20                android:mimeType="*/*"
20-->[com.razorpay:checkout:1.6.33] AndroidManifest.xml:15:17-39
21                android:scheme="*" />
21-->[com.razorpay:checkout:1.6.33] AndroidManifest.xml:16:17-35
22        </intent>
23        <intent>
23-->[com.razorpay:checkout:1.6.33] AndroidManifest.xml:18:9-27:18
24            <action android:name="android.intent.action.VIEW" />
24-->[com.razorpay:checkout:1.6.33] AndroidManifest.xml:12:13-65
24-->[com.razorpay:checkout:1.6.33] AndroidManifest.xml:12:21-62
25
26            <category android:name="android.intent.category.BROWSABLE" />
26-->[com.razorpay:checkout:1.6.33] AndroidManifest.xml:21:13-74
26-->[com.razorpay:checkout:1.6.33] AndroidManifest.xml:21:23-71
27
28            <data
28-->[com.razorpay:checkout:1.6.33] AndroidManifest.xml:14:13-16:38
29                android:host="pay"
30                android:mimeType="*/*"
30-->[com.razorpay:checkout:1.6.33] AndroidManifest.xml:15:17-39
31                android:scheme="upi" />
31-->[com.razorpay:checkout:1.6.33] AndroidManifest.xml:16:17-35
32        </intent>
33        <intent>
33-->[com.razorpay:checkout:1.6.33] AndroidManifest.xml:28:9-30:18
34            <action android:name="android.intent.action.MAIN" />
34-->src/main/AndroidManifest.xml:25:17-69
34-->src/main/AndroidManifest.xml:25:25-66
35        </intent>
36        <intent>
36-->[com.razorpay:checkout:1.6.33] AndroidManifest.xml:31:9-35:18
37            <action android:name="android.intent.action.SEND" />
37-->[com.razorpay:checkout:1.6.33] AndroidManifest.xml:32:13-65
37-->[com.razorpay:checkout:1.6.33] AndroidManifest.xml:32:21-62
38
39            <data android:mimeType="*/*" />
39-->[com.razorpay:checkout:1.6.33] AndroidManifest.xml:14:13-16:38
39-->[com.razorpay:checkout:1.6.33] AndroidManifest.xml:15:17-39
40        </intent>
41        <intent>
41-->[com.razorpay:checkout:1.6.33] AndroidManifest.xml:36:9-38:18
42            <action android:name="rzp.device_token.share" />
42-->[com.razorpay:checkout:1.6.33] AndroidManifest.xml:37:13-61
42-->[com.razorpay:checkout:1.6.33] AndroidManifest.xml:37:21-58
43        </intent>
44    </queries>
45
46    <uses-permission android:name="android.permission.WAKE_LOCK" /> <!-- Required by older versions of Google Play services to create IID tokens -->
46-->[com.google.firebase:firebase-messaging:24.0.0] AndroidManifest.xml:24:5-68
46-->[com.google.firebase:firebase-messaging:24.0.0] AndroidManifest.xml:24:22-65
47    <uses-permission android:name="com.google.android.c2dm.permission.RECEIVE" />
47-->[com.google.firebase:firebase-messaging:24.0.0] AndroidManifest.xml:26:5-82
47-->[com.google.firebase:firebase-messaging:24.0.0] AndroidManifest.xml:26:22-79
48
49    <uses-feature
49-->[com.google.android.gms:play-services-maps:17.0.0] AndroidManifest.xml:26:5-28:35
50        android:glEsVersion="0x00020000"
50-->[com.google.android.gms:play-services-maps:17.0.0] AndroidManifest.xml:27:9-41
51        android:required="true" />
51-->[com.google.android.gms:play-services-maps:17.0.0] AndroidManifest.xml:28:9-32
52
53    <uses-permission android:name="com.google.android.providers.gsf.permission.READ_GSERVICES" />
53-->[com.google.android.recaptcha:recaptcha:18.4.0] AndroidManifest.xml:9:5-98
53-->[com.google.android.recaptcha:recaptcha:18.4.0] AndroidManifest.xml:9:22-95
54
55    <permission
55-->[androidx.core:core:1.12.0] AndroidManifest.xml:22:5-24:47
56        android:name="com.rameswaram.dryfish.DYNAMIC_RECEIVER_NOT_EXPORTED_PERMISSION"
56-->[androidx.core:core:1.12.0] AndroidManifest.xml:23:9-81
57        android:protectionLevel="signature" />
57-->[androidx.core:core:1.12.0] AndroidManifest.xml:24:9-44
58
59    <uses-permission android:name="com.rameswaram.dryfish.DYNAMIC_RECEIVER_NOT_EXPORTED_PERMISSION" />
59-->[androidx.core:core:1.12.0] AndroidManifest.xml:26:5-97
59-->[androidx.core:core:1.12.0] AndroidManifest.xml:26:22-94
60
61    <application
61-->src/main/AndroidManifest.xml:9:5-42:19
62        android:name="com.rameswaram.dryfish.RameswaramApp"
62-->src/main/AndroidManifest.xml:10:9-38
63        android:allowBackup="true"
63-->src/main/AndroidManifest.xml:11:9-35
64        android:appComponentFactory="androidx.core.app.CoreComponentFactory"
64-->[androidx.core:core:1.12.0] AndroidManifest.xml:28:18-86
65        android:debuggable="true"
66        android:extractNativeLibs="false"
67        android:icon="@drawable/ic_launcher_foreground"
67-->src/main/AndroidManifest.xml:13:9-56
68        android:label="@string/app_name"
68-->src/main/AndroidManifest.xml:14:9-41
69        android:networkSecurityConfig="@xml/network_security_config"
69-->src/main/AndroidManifest.xml:12:9-69
70        android:roundIcon="@drawable/ic_launcher_foreground"
70-->src/main/AndroidManifest.xml:15:9-61
71        android:supportsRtl="true"
71-->src/main/AndroidManifest.xml:16:9-35
72        android:theme="@style/Theme.RameswaramDryFish" >
72-->src/main/AndroidManifest.xml:17:9-55
73        <activity
73-->src/main/AndroidManifest.xml:20:9-28:20
74            android:name="com.rameswaram.dryfish.presentation.main.MainActivity"
74-->src/main/AndroidManifest.xml:21:13-59
75            android:exported="true"
75-->src/main/AndroidManifest.xml:22:13-36
76            android:theme="@style/Theme.RameswaramDryFish" >
76-->src/main/AndroidManifest.xml:23:13-59
77            <intent-filter>
77-->src/main/AndroidManifest.xml:24:13-27:29
78                <action android:name="android.intent.action.MAIN" />
78-->src/main/AndroidManifest.xml:25:17-69
78-->src/main/AndroidManifest.xml:25:25-66
79
80                <category android:name="android.intent.category.LAUNCHER" />
80-->src/main/AndroidManifest.xml:26:17-77
80-->src/main/AndroidManifest.xml:26:27-74
81            </intent-filter>
82        </activity>
83
84        <service
84-->src/main/AndroidManifest.xml:30:9-36:19
85            android:name="com.rameswaram.dryfish.data.firebase.FCMService"
85-->src/main/AndroidManifest.xml:31:13-53
86            android:exported="false" >
86-->src/main/AndroidManifest.xml:32:13-37
87            <intent-filter>
87-->src/main/AndroidManifest.xml:33:13-35:29
88                <action android:name="com.google.firebase.MESSAGING_EVENT" />
88-->src/main/AndroidManifest.xml:34:17-78
88-->src/main/AndroidManifest.xml:34:25-75
89            </intent-filter>
90        </service>
91
92        <meta-data
92-->src/main/AndroidManifest.xml:38:9-40:38
93            android:name="com.google.firebase.messaging.default_notification_channel_id"
93-->src/main/AndroidManifest.xml:39:13-89
94            android:value="orders" />
94-->src/main/AndroidManifest.xml:40:13-35
95
96        <receiver
96-->[com.razorpay:checkout:1.6.33] AndroidManifest.xml:42:9-49:20
97            android:name="com.razorpay.RzpTokenReceiver"
97-->[com.razorpay:checkout:1.6.33] AndroidManifest.xml:43:13-57
98            android:exported="true" >
98-->[com.razorpay:checkout:1.6.33] AndroidManifest.xml:44:13-36
99            <intent-filter>
99-->[com.razorpay:checkout:1.6.33] AndroidManifest.xml:46:13-48:29
100                <action android:name="rzp.device_token.share" />
100-->[com.razorpay:checkout:1.6.33] AndroidManifest.xml:37:13-61
100-->[com.razorpay:checkout:1.6.33] AndroidManifest.xml:37:21-58
101            </intent-filter>
102        </receiver>
103
104        <activity
104-->[com.razorpay:checkout:1.6.33] AndroidManifest.xml:51:9-59:20
105            android:name="com.razorpay.CheckoutActivity"
105-->[com.razorpay:checkout:1.6.33] AndroidManifest.xml:52:13-57
106            android:configChanges="keyboard|keyboardHidden|orientation|screenSize"
106-->[com.razorpay:checkout:1.6.33] AndroidManifest.xml:53:13-83
107            android:exported="true"
107-->[com.razorpay:checkout:1.6.33] AndroidManifest.xml:54:13-36
108            android:theme="@style/CheckoutTheme" >
108-->[com.razorpay:checkout:1.6.33] AndroidManifest.xml:55:13-49
109            <intent-filter>
109-->[com.razorpay:checkout:1.6.33] AndroidManifest.xml:56:13-58:29
110                <action android:name="android.intent.action.MAIN" />
110-->src/main/AndroidManifest.xml:25:17-69
110-->src/main/AndroidManifest.xml:25:25-66
111            </intent-filter>
112        </activity>
113
114        <meta-data
114-->[com.razorpay:checkout:1.6.33] AndroidManifest.xml:61:9-63:58
115            android:name="com.razorpay.plugin.googlepay_all"
115-->[com.razorpay:checkout:1.6.33] AndroidManifest.xml:62:13-61
116            android:value="com.razorpay.RzpGpayMerged" />
116-->[com.razorpay:checkout:1.6.33] AndroidManifest.xml:63:13-55
117
118        <service
118-->[com.google.firebase:firebase-auth-ktx:23.0.0] AndroidManifest.xml:8:9-14:19
119            android:name="com.google.firebase.components.ComponentDiscoveryService"
119-->[com.google.firebase:firebase-auth-ktx:23.0.0] AndroidManifest.xml:9:13-84
120            android:directBootAware="true"
120-->[com.google.firebase:firebase-common:21.0.0] AndroidManifest.xml:32:13-43
121            android:exported="false" >
121-->[com.google.firebase:firebase-auth-ktx:23.0.0] AndroidManifest.xml:10:13-37
122            <meta-data
122-->[com.google.firebase:firebase-auth-ktx:23.0.0] AndroidManifest.xml:11:13-13:85
123                android:name="com.google.firebase.components:com.google.firebase.auth.ktx.FirebaseAuthLegacyRegistrar"
123-->[com.google.firebase:firebase-auth-ktx:23.0.0] AndroidManifest.xml:12:17-119
124                android:value="com.google.firebase.components.ComponentRegistrar" />
124-->[com.google.firebase:firebase-auth-ktx:23.0.0] AndroidManifest.xml:13:17-82
125            <meta-data
125-->[com.google.firebase:firebase-auth:23.0.0] AndroidManifest.xml:69:13-71:85
126                android:name="com.google.firebase.components:com.google.firebase.auth.FirebaseAuthRegistrar"
126-->[com.google.firebase:firebase-auth:23.0.0] AndroidManifest.xml:70:17-109
127                android:value="com.google.firebase.components.ComponentRegistrar" />
127-->[com.google.firebase:firebase-auth:23.0.0] AndroidManifest.xml:71:17-82
128            <meta-data
128-->[com.google.firebase:firebase-messaging-ktx:24.0.0] AndroidManifest.xml:26:13-28:85
129                android:name="com.google.firebase.components:com.google.firebase.messaging.ktx.FirebaseMessagingLegacyRegistrar"
129-->[com.google.firebase:firebase-messaging-ktx:24.0.0] AndroidManifest.xml:27:17-129
130                android:value="com.google.firebase.components.ComponentRegistrar" />
130-->[com.google.firebase:firebase-messaging-ktx:24.0.0] AndroidManifest.xml:28:17-82
131            <meta-data
131-->[com.google.firebase:firebase-messaging:24.0.0] AndroidManifest.xml:57:13-59:85
132                android:name="com.google.firebase.components:com.google.firebase.messaging.FirebaseMessagingKtxRegistrar"
132-->[com.google.firebase:firebase-messaging:24.0.0] AndroidManifest.xml:58:17-122
133                android:value="com.google.firebase.components.ComponentRegistrar" />
133-->[com.google.firebase:firebase-messaging:24.0.0] AndroidManifest.xml:59:17-82
134            <meta-data
134-->[com.google.firebase:firebase-messaging:24.0.0] AndroidManifest.xml:60:13-62:85
135                android:name="com.google.firebase.components:com.google.firebase.messaging.FirebaseMessagingRegistrar"
135-->[com.google.firebase:firebase-messaging:24.0.0] AndroidManifest.xml:61:17-119
136                android:value="com.google.firebase.components.ComponentRegistrar" />
136-->[com.google.firebase:firebase-messaging:24.0.0] AndroidManifest.xml:62:17-82
137            <meta-data
137-->[com.google.firebase:firebase-crashlytics-ktx:19.0.0] AndroidManifest.xml:24:13-26:85
138                android:name="com.google.firebase.components:com.google.firebase.crashlytics.ktx.FirebaseCrashlyticsKtxRegistrar"
138-->[com.google.firebase:firebase-crashlytics-ktx:19.0.0] AndroidManifest.xml:25:17-130
139                android:value="com.google.firebase.components.ComponentRegistrar" />
139-->[com.google.firebase:firebase-crashlytics-ktx:19.0.0] AndroidManifest.xml:26:17-82
140            <meta-data
140-->[com.google.firebase:firebase-crashlytics:19.0.0] AndroidManifest.xml:15:13-17:85
141                android:name="com.google.firebase.components:com.google.firebase.crashlytics.FirebaseCrashlyticsKtxRegistrar"
141-->[com.google.firebase:firebase-crashlytics:19.0.0] AndroidManifest.xml:16:17-126
142                android:value="com.google.firebase.components.ComponentRegistrar" />
142-->[com.google.firebase:firebase-crashlytics:19.0.0] AndroidManifest.xml:17:17-82
143            <meta-data
143-->[com.google.firebase:firebase-crashlytics:19.0.0] AndroidManifest.xml:18:13-20:85
144                android:name="com.google.firebase.components:com.google.firebase.crashlytics.CrashlyticsRegistrar"
144-->[com.google.firebase:firebase-crashlytics:19.0.0] AndroidManifest.xml:19:17-115
145                android:value="com.google.firebase.components.ComponentRegistrar" />
145-->[com.google.firebase:firebase-crashlytics:19.0.0] AndroidManifest.xml:20:17-82
146            <meta-data
146-->[com.google.firebase:firebase-sessions:2.0.0] AndroidManifest.xml:29:13-31:85
147                android:name="com.google.firebase.components:com.google.firebase.sessions.FirebaseSessionsRegistrar"
147-->[com.google.firebase:firebase-sessions:2.0.0] AndroidManifest.xml:30:17-117
148                android:value="com.google.firebase.components.ComponentRegistrar" />
148-->[com.google.firebase:firebase-sessions:2.0.0] AndroidManifest.xml:31:17-82
149            <meta-data
149-->[com.google.firebase:firebase-installations:18.0.0] AndroidManifest.xml:15:13-17:85
150                android:name="com.google.firebase.components:com.google.firebase.installations.FirebaseInstallationsKtxRegistrar"
150-->[com.google.firebase:firebase-installations:18.0.0] AndroidManifest.xml:16:17-130
151                android:value="com.google.firebase.components.ComponentRegistrar" />
151-->[com.google.firebase:firebase-installations:18.0.0] AndroidManifest.xml:17:17-82
152            <meta-data
152-->[com.google.firebase:firebase-installations:18.0.0] AndroidManifest.xml:18:13-20:85
153                android:name="com.google.firebase.components:com.google.firebase.installations.FirebaseInstallationsRegistrar"
153-->[com.google.firebase:firebase-installations:18.0.0] AndroidManifest.xml:19:17-127
154                android:value="com.google.firebase.components.ComponentRegistrar" />
154-->[com.google.firebase:firebase-installations:18.0.0] AndroidManifest.xml:20:17-82
155            <meta-data
155-->[com.google.firebase:firebase-common-ktx:21.0.0] AndroidManifest.xml:12:13-14:85
156                android:name="com.google.firebase.components:com.google.firebase.ktx.FirebaseCommonLegacyRegistrar"
156-->[com.google.firebase:firebase-common-ktx:21.0.0] AndroidManifest.xml:13:17-116
157                android:value="com.google.firebase.components.ComponentRegistrar" />
157-->[com.google.firebase:firebase-common-ktx:21.0.0] AndroidManifest.xml:14:17-82
158            <meta-data
158-->[com.google.firebase:firebase-common:21.0.0] AndroidManifest.xml:35:13-37:85
159                android:name="com.google.firebase.components:com.google.firebase.FirebaseCommonKtxRegistrar"
159-->[com.google.firebase:firebase-common:21.0.0] AndroidManifest.xml:36:17-109
160                android:value="com.google.firebase.components.ComponentRegistrar" />
160-->[com.google.firebase:firebase-common:21.0.0] AndroidManifest.xml:37:17-82
161            <meta-data
161-->[com.google.firebase:firebase-datatransport:18.2.0] AndroidManifest.xml:25:13-27:85
162                android:name="com.google.firebase.components:com.google.firebase.datatransport.TransportRegistrar"
162-->[com.google.firebase:firebase-datatransport:18.2.0] AndroidManifest.xml:26:17-115
163                android:value="com.google.firebase.components.ComponentRegistrar" />
163-->[com.google.firebase:firebase-datatransport:18.2.0] AndroidManifest.xml:27:17-82
164        </service>
165
166        <activity
166-->[com.google.firebase:firebase-auth:23.0.0] AndroidManifest.xml:29:9-46:20
167            android:name="com.google.firebase.auth.internal.GenericIdpActivity"
167-->[com.google.firebase:firebase-auth:23.0.0] AndroidManifest.xml:30:13-80
168            android:excludeFromRecents="true"
168-->[com.google.firebase:firebase-auth:23.0.0] AndroidManifest.xml:31:13-46
169            android:exported="true"
169-->[com.google.firebase:firebase-auth:23.0.0] AndroidManifest.xml:32:13-36
170            android:launchMode="singleTask"
170-->[com.google.firebase:firebase-auth:23.0.0] AndroidManifest.xml:33:13-44
171            android:theme="@android:style/Theme.Translucent.NoTitleBar" >
171-->[com.google.firebase:firebase-auth:23.0.0] AndroidManifest.xml:34:13-72
172            <intent-filter>
172-->[com.google.firebase:firebase-auth:23.0.0] AndroidManifest.xml:35:13-45:29
173                <action android:name="android.intent.action.VIEW" />
173-->[com.razorpay:checkout:1.6.33] AndroidManifest.xml:12:13-65
173-->[com.razorpay:checkout:1.6.33] AndroidManifest.xml:12:21-62
174
175                <category android:name="android.intent.category.DEFAULT" />
175-->[com.google.firebase:firebase-auth:23.0.0] AndroidManifest.xml:38:17-76
175-->[com.google.firebase:firebase-auth:23.0.0] AndroidManifest.xml:38:27-73
176                <category android:name="android.intent.category.BROWSABLE" />
176-->[com.razorpay:checkout:1.6.33] AndroidManifest.xml:21:13-74
176-->[com.razorpay:checkout:1.6.33] AndroidManifest.xml:21:23-71
177
178                <data
178-->[com.razorpay:checkout:1.6.33] AndroidManifest.xml:14:13-16:38
179                    android:host="firebase.auth"
180                    android:path="/"
181                    android:scheme="genericidp" />
181-->[com.razorpay:checkout:1.6.33] AndroidManifest.xml:16:17-35
182            </intent-filter>
183        </activity>
184        <activity
184-->[com.google.firebase:firebase-auth:23.0.0] AndroidManifest.xml:47:9-64:20
185            android:name="com.google.firebase.auth.internal.RecaptchaActivity"
185-->[com.google.firebase:firebase-auth:23.0.0] AndroidManifest.xml:48:13-79
186            android:excludeFromRecents="true"
186-->[com.google.firebase:firebase-auth:23.0.0] AndroidManifest.xml:49:13-46
187            android:exported="true"
187-->[com.google.firebase:firebase-auth:23.0.0] AndroidManifest.xml:50:13-36
188            android:launchMode="singleTask"
188-->[com.google.firebase:firebase-auth:23.0.0] AndroidManifest.xml:51:13-44
189            android:theme="@android:style/Theme.Translucent.NoTitleBar" >
189-->[com.google.firebase:firebase-auth:23.0.0] AndroidManifest.xml:52:13-72
190            <intent-filter>
190-->[com.google.firebase:firebase-auth:23.0.0] AndroidManifest.xml:53:13-63:29
191                <action android:name="android.intent.action.VIEW" />
191-->[com.razorpay:checkout:1.6.33] AndroidManifest.xml:12:13-65
191-->[com.razorpay:checkout:1.6.33] AndroidManifest.xml:12:21-62
192
193                <category android:name="android.intent.category.DEFAULT" />
193-->[com.google.firebase:firebase-auth:23.0.0] AndroidManifest.xml:38:17-76
193-->[com.google.firebase:firebase-auth:23.0.0] AndroidManifest.xml:38:27-73
194                <category android:name="android.intent.category.BROWSABLE" />
194-->[com.razorpay:checkout:1.6.33] AndroidManifest.xml:21:13-74
194-->[com.razorpay:checkout:1.6.33] AndroidManifest.xml:21:23-71
195
196                <data
196-->[com.razorpay:checkout:1.6.33] AndroidManifest.xml:14:13-16:38
197                    android:host="firebase.auth"
198                    android:path="/"
199                    android:scheme="recaptcha" />
199-->[com.razorpay:checkout:1.6.33] AndroidManifest.xml:16:17-35
200            </intent-filter>
201        </activity>
202
203        <service
203-->[androidx.credentials:credentials-play-services-auth:1.2.0-rc01] AndroidManifest.xml:24:9-32:19
204            android:name="androidx.credentials.playservices.CredentialProviderMetadataHolder"
204-->[androidx.credentials:credentials-play-services-auth:1.2.0-rc01] AndroidManifest.xml:25:13-94
205            android:enabled="true"
205-->[androidx.credentials:credentials-play-services-auth:1.2.0-rc01] AndroidManifest.xml:26:13-35
206            android:exported="false" >
206-->[androidx.credentials:credentials-play-services-auth:1.2.0-rc01] AndroidManifest.xml:27:13-37
207            <meta-data
207-->[androidx.credentials:credentials-play-services-auth:1.2.0-rc01] AndroidManifest.xml:29:13-31:104
208                android:name="androidx.credentials.CREDENTIAL_PROVIDER_KEY"
208-->[androidx.credentials:credentials-play-services-auth:1.2.0-rc01] AndroidManifest.xml:30:17-76
209                android:value="androidx.credentials.playservices.CredentialProviderPlayServicesImpl" />
209-->[androidx.credentials:credentials-play-services-auth:1.2.0-rc01] AndroidManifest.xml:31:17-101
210        </service>
211
212        <activity
212-->[androidx.credentials:credentials-play-services-auth:1.2.0-rc01] AndroidManifest.xml:34:9-41:20
213            android:name="androidx.credentials.playservices.HiddenActivity"
213-->[androidx.credentials:credentials-play-services-auth:1.2.0-rc01] AndroidManifest.xml:35:13-76
214            android:configChanges="orientation|screenSize|screenLayout|keyboardHidden"
214-->[androidx.credentials:credentials-play-services-auth:1.2.0-rc01] AndroidManifest.xml:36:13-87
215            android:enabled="true"
215-->[androidx.credentials:credentials-play-services-auth:1.2.0-rc01] AndroidManifest.xml:37:13-35
216            android:exported="false"
216-->[androidx.credentials:credentials-play-services-auth:1.2.0-rc01] AndroidManifest.xml:38:13-37
217            android:fitsSystemWindows="true"
217-->[androidx.credentials:credentials-play-services-auth:1.2.0-rc01] AndroidManifest.xml:39:13-45
218            android:theme="@style/Theme.Hidden" >
218-->[androidx.credentials:credentials-play-services-auth:1.2.0-rc01] AndroidManifest.xml:40:13-48
219        </activity>
220        <activity
220-->[com.google.android.gms:play-services-auth:20.7.0] AndroidManifest.xml:23:9-27:75
221            android:name="com.google.android.gms.auth.api.signin.internal.SignInHubActivity"
221-->[com.google.android.gms:play-services-auth:20.7.0] AndroidManifest.xml:24:13-93
222            android:excludeFromRecents="true"
222-->[com.google.android.gms:play-services-auth:20.7.0] AndroidManifest.xml:25:13-46
223            android:exported="false"
223-->[com.google.android.gms:play-services-auth:20.7.0] AndroidManifest.xml:26:13-37
224            android:theme="@android:style/Theme.Translucent.NoTitleBar" />
224-->[com.google.android.gms:play-services-auth:20.7.0] AndroidManifest.xml:27:13-72
225        <!--
226            Service handling Google Sign-In user revocation. For apps that do not integrate with
227            Google Sign-In, this service will never be started.
228        -->
229        <service
229-->[com.google.android.gms:play-services-auth:20.7.0] AndroidManifest.xml:33:9-37:51
230            android:name="com.google.android.gms.auth.api.signin.RevocationBoundService"
230-->[com.google.android.gms:play-services-auth:20.7.0] AndroidManifest.xml:34:13-89
231            android:exported="true"
231-->[com.google.android.gms:play-services-auth:20.7.0] AndroidManifest.xml:35:13-36
232            android:permission="com.google.android.gms.auth.api.signin.permission.REVOCATION_NOTIFICATION"
232-->[com.google.android.gms:play-services-auth:20.7.0] AndroidManifest.xml:36:13-107
233            android:visibleToInstantApps="true" />
233-->[com.google.android.gms:play-services-auth:20.7.0] AndroidManifest.xml:37:13-48
234
235        <receiver
235-->[com.google.firebase:firebase-messaging:24.0.0] AndroidManifest.xml:29:9-40:20
236            android:name="com.google.firebase.iid.FirebaseInstanceIdReceiver"
236-->[com.google.firebase:firebase-messaging:24.0.0] AndroidManifest.xml:30:13-78
237            android:exported="true"
237-->[com.google.firebase:firebase-messaging:24.0.0] AndroidManifest.xml:31:13-36
238            android:permission="com.google.android.c2dm.permission.SEND" >
238-->[com.google.firebase:firebase-messaging:24.0.0] AndroidManifest.xml:32:13-73
239            <intent-filter>
239-->[com.google.firebase:firebase-messaging:24.0.0] AndroidManifest.xml:33:13-35:29
240                <action android:name="com.google.android.c2dm.intent.RECEIVE" />
240-->[com.google.firebase:firebase-messaging:24.0.0] AndroidManifest.xml:34:17-81
240-->[com.google.firebase:firebase-messaging:24.0.0] AndroidManifest.xml:34:25-78
241            </intent-filter>
242
243            <meta-data
243-->[com.google.firebase:firebase-messaging:24.0.0] AndroidManifest.xml:37:13-39:40
244                android:name="com.google.android.gms.cloudmessaging.FINISHED_AFTER_HANDLED"
244-->[com.google.firebase:firebase-messaging:24.0.0] AndroidManifest.xml:38:17-92
245                android:value="true" />
245-->[com.google.firebase:firebase-messaging:24.0.0] AndroidManifest.xml:39:17-37
246        </receiver>
247        <!--
248             FirebaseMessagingService performs security checks at runtime,
249             but set to not exported to explicitly avoid allowing another app to call it.
250        -->
251        <service
251-->[com.google.firebase:firebase-messaging:24.0.0] AndroidManifest.xml:46:9-53:19
252            android:name="com.google.firebase.messaging.FirebaseMessagingService"
252-->[com.google.firebase:firebase-messaging:24.0.0] AndroidManifest.xml:47:13-82
253            android:directBootAware="true"
253-->[com.google.firebase:firebase-messaging:24.0.0] AndroidManifest.xml:48:13-43
254            android:exported="false" >
254-->[com.google.firebase:firebase-messaging:24.0.0] AndroidManifest.xml:49:13-37
255            <intent-filter android:priority="-500" >
255-->src/main/AndroidManifest.xml:33:13-35:29
256                <action android:name="com.google.firebase.MESSAGING_EVENT" />
256-->src/main/AndroidManifest.xml:34:17-78
256-->src/main/AndroidManifest.xml:34:25-75
257            </intent-filter>
258        </service> <!-- Needs to be explicitly declared on P+ -->
259        <uses-library
259-->[com.google.android.gms:play-services-maps:17.0.0] AndroidManifest.xml:33:9-35:40
260            android:name="org.apache.http.legacy"
260-->[com.google.android.gms:play-services-maps:17.0.0] AndroidManifest.xml:34:13-50
261            android:required="false" />
261-->[com.google.android.gms:play-services-maps:17.0.0] AndroidManifest.xml:35:13-37
262
263        <activity
263-->[com.google.android.gms:play-services-base:18.0.1] AndroidManifest.xml:20:9-22:45
264            android:name="com.google.android.gms.common.api.GoogleApiActivity"
264-->[com.google.android.gms:play-services-base:18.0.1] AndroidManifest.xml:20:19-85
265            android:exported="false"
265-->[com.google.android.gms:play-services-base:18.0.1] AndroidManifest.xml:22:19-43
266            android:theme="@android:style/Theme.Translucent.NoTitleBar" />
266-->[com.google.android.gms:play-services-base:18.0.1] AndroidManifest.xml:21:19-78
267
268        <service
268-->[com.google.firebase:firebase-sessions:2.0.0] AndroidManifest.xml:22:9-25:40
269            android:name="com.google.firebase.sessions.SessionLifecycleService"
269-->[com.google.firebase:firebase-sessions:2.0.0] AndroidManifest.xml:23:13-80
270            android:enabled="true"
270-->[com.google.firebase:firebase-sessions:2.0.0] AndroidManifest.xml:24:13-35
271            android:exported="false" />
271-->[com.google.firebase:firebase-sessions:2.0.0] AndroidManifest.xml:25:13-37
272
273        <provider
273-->[com.google.firebase:firebase-common:21.0.0] AndroidManifest.xml:23:9-28:39
274            android:name="com.google.firebase.provider.FirebaseInitProvider"
274-->[com.google.firebase:firebase-common:21.0.0] AndroidManifest.xml:24:13-77
275            android:authorities="com.rameswaram.dryfish.firebaseinitprovider"
275-->[com.google.firebase:firebase-common:21.0.0] AndroidManifest.xml:25:13-72
276            android:directBootAware="true"
276-->[com.google.firebase:firebase-common:21.0.0] AndroidManifest.xml:26:13-43
277            android:exported="false"
277-->[com.google.firebase:firebase-common:21.0.0] AndroidManifest.xml:27:13-37
278            android:initOrder="100" />
278-->[com.google.firebase:firebase-common:21.0.0] AndroidManifest.xml:28:13-36
279
280        <activity
280-->[androidx.compose.ui:ui-tooling-android:1.6.5] AndroidManifest.xml:23:9-25:39
281            android:name="androidx.compose.ui.tooling.PreviewActivity"